d:\учёба\!проект 10 класс\код\physics\satelliteclasses\extention\debug\vc142.pdb
d:\учёба\!проект 10 класс\код\physics\satelliteclasses\extention\debug\vc142.idb
d:\учёба\!проект 10 класс\код\physics\satelliteclasses\extention\debug\usefullthings.obj
d:\учёба\!проект 10 класс\код\physics\satelliteclasses\extention\debug\segment3d.obj
d:\учёба\!проект 10 класс\код\physics\satelliteclasses\extention\debug\satellite.obj
d:\учёба\!проект 10 класс\код\physics\satelliteclasses\extention\debug\ellipticorbit.obj
d:\учёба\!проект 10 класс\код\physics\satelliteclasses\extention\debug\point3d.obj
d:\учёба\!проект 10 класс\код\physics\satelliteclasses\extention\debug\orbit.obj
d:\учёба\!проект 10 класс\код\physics\satelliteclasses\extention\debug\object3d.obj
d:\учёба\!проект 10 класс\код\physics\satelliteclasses\extention\debug\groundobject.obj
d:\учёба\!проект 10 класс\код\physics\satelliteclasses\extention\debug\extention.obj
d:\учёба\!проект 10 класс\код\physics\satelliteclasses\extention\debug\ellipticsatellite.obj
d:\учёба\!проект 10 класс\код\physics\satelliteclasses\extention\debug\ellipse.obj
d:\учёба\!проект 10 класс\код\physics\satelliteclasses\extention\debug\conicsection.obj
d:\учёба\!проект 10 класс\код\physics\satelliteclasses\debug\_speedmath.pdb
d:\учёба\!проект 10 класс\код\physics\satelliteclasses\extention\debug\extention.tlog\cl.command.1.tlog
d:\учёба\!проект 10 класс\код\physics\satelliteclasses\extention\debug\extention.tlog\cl.read.1.tlog
d:\учёба\!проект 10 класс\код\physics\satelliteclasses\extention\debug\extention.tlog\cl.write.1.tlog
d:\учёба\!проект 10 класс\код\physics\satelliteclasses\extention\debug\extention.tlog\link-cvtres.read.1.tlog
d:\учёба\!проект 10 класс\код\physics\satelliteclasses\extention\debug\extention.tlog\link-cvtres.write.1.tlog
d:\учёба\!проект 10 класс\код\physics\satelliteclasses\extention\debug\extention.tlog\link-rc.read.1.tlog
d:\учёба\!проект 10 класс\код\physics\satelliteclasses\extention\debug\extention.tlog\link-rc.write.1.tlog
d:\учёба\!проект 10 класс\код\physics\satelliteclasses\extention\debug\extention.tlog\link.command.1.tlog
d:\учёба\!проект 10 класс\код\physics\satelliteclasses\extention\debug\extention.tlog\link.read.1.tlog
d:\учёба\!проект 10 класс\код\physics\satelliteclasses\extention\debug\extention.tlog\link.write.1.tlog
